Determining if the pthread_create exist failed with the following output:
Change Dir: /home/raulnet/CLionProjects/Tetris/cmake-build-debug/CMakeFiles/CMakeTmp

Run Build Command:"/usr/bin/make" "cmTC_1fcab/fast"
/usr/bin/make -f CMakeFiles/cmTC_1fcab.dir/build.make CMakeFiles/cmTC_1fcab.dir/build
make[1] : on entre dans le répertoire « /home/raulnet/CLionProjects/Tetris/cmake-build-debug/CMakeFiles/CMakeTmp »
Building C object CMakeFiles/cmTC_1fcab.dir/CheckSymbolExists.c.o
/usr/bin/cc   -std=gnu99 -o CMakeFiles/cmTC_1fcab.dir/CheckSymbolExists.c.o   -c /home/raulnet/CLionProjects/Tetris/cmake-build-debug/CMakeFiles/CMakeTmp/CheckSymbolExists.c
Linking C executable cmTC_1fcab
/home/raulnet/.local/share/JetBrains/Toolbox/apps/CLion/ch-0/182.4505.18/bin/cmake/linux/bin/cmake -E cmake_link_script CMakeFiles/cmTC_1fcab.dir/link.txt --verbose=1
/usr/bin/cc      CMakeFiles/cmTC_1fcab.dir/CheckSymbolExists.c.o  -o cmTC_1fcab 
CMakeFiles/cmTC_1fcab.dir/CheckSymbolExists.c.o : Dans la fonction « main » :
CheckSymbolExists.c:(.text+0x1b) : référence indéfinie vers « pthread_create »
collect2: error: ld returned 1 exit status
CMakeFiles/cmTC_1fcab.dir/build.make:86: recipe for target 'cmTC_1fcab' failed
make[1]: *** [cmTC_1fcab] Error 1
make[1] : on quitte le répertoire « /home/raulnet/CLionProjects/Tetris/cmake-build-debug/CMakeFiles/CMakeTmp »
Makefile:121: recipe for target 'cmTC_1fcab/fast' failed
make: *** [cmTC_1fcab/fast] Error 2

File /home/raulnet/CLionProjects/Tetris/cmake-build-debug/CMakeFiles/CMakeTmp/CheckSymbolExists.c:
/* */
#include <pthread.h>

int main(int argc, char** argv)
{
  (void)argv;
#ifndef pthread_create
  return ((int*)(&pthread_create))[argc];
#else
  (void)argc;
  return 0;
#endif
}

Determining if the function pthread_create exists in the pthreads failed with the following output:
Change Dir: /home/raulnet/CLionProjects/Tetris/cmake-build-debug/CMakeFiles/CMakeTmp

Run Build Command:"/usr/bin/make" "cmTC_8b85a/fast"
/usr/bin/make -f CMakeFiles/cmTC_8b85a.dir/build.make CMakeFiles/cmTC_8b85a.dir/build
make[1] : on entre dans le répertoire « /home/raulnet/CLionProjects/Tetris/cmake-build-debug/CMakeFiles/CMakeTmp »
Building C object CMakeFiles/cmTC_8b85a.dir/CheckFunctionExists.c.o
/usr/bin/cc   -DCHECK_FUNCTION_EXISTS=pthread_create   -std=gnu99 -o CMakeFiles/cmTC_8b85a.dir/CheckFunctionExists.c.o   -c /home/raulnet/.local/share/JetBrains/Toolbox/apps/CLion/ch-0/182.4505.18/bin/cmake/linux/share/cmake-3.12/Modules/CheckFunctionExists.c
Linking C executable cmTC_8b85a
/home/raulnet/.local/share/JetBrains/Toolbox/apps/CLion/ch-0/182.4505.18/bin/cmake/linux/bin/cmake -E cmake_link_script CMakeFiles/cmTC_8b85a.dir/link.txt --verbose=1
/usr/bin/cc  -DCHECK_FUNCTION_EXISTS=pthread_create    CMakeFiles/cmTC_8b85a.dir/CheckFunctionExists.c.o  -o cmTC_8b85a -lpthreads 
/usr/bin/ld : ne peut trouver -lpthreads
collect2: error: ld returned 1 exit status
CMakeFiles/cmTC_8b85a.dir/build.make:86: recipe for target 'cmTC_8b85a' failed
make[1]: *** [cmTC_8b85a] Error 1
make[1] : on quitte le répertoire « /home/raulnet/CLionProjects/Tetris/cmake-build-debug/CMakeFiles/CMakeTmp »
Makefile:121: recipe for target 'cmTC_8b85a/fast' failed
make: *** [cmTC_8b85a/fast] Error 2


